Compiled jquery.js  (2ms)  (pid 45975)
Compiled jquery_ujs.js  (0ms)  (pid 45975)
Compiled twitter/bootstrap/bootstrap-transition.js  (0ms)  (pid 45975)
Compiled twitter/bootstrap/bootstrap-alert.js  (0ms)  (pid 45975)
Compiled twitter/bootstrap/bootstrap-modal.js  (0ms)  (pid 45975)
Compiled twitter/bootstrap/bootstrap-dropdown.js  (0ms)  (pid 45975)
Compiled twitter/bootstrap/bootstrap-scrollspy.js  (0ms)  (pid 45975)
Compiled twitter/bootstrap/bootstrap-tab.js  (0ms)  (pid 45975)
Compiled twitter/bootstrap/bootstrap-tooltip.js  (0ms)  (pid 45975)
Compiled twitter/bootstrap/bootstrap-popover.js  (0ms)  (pid 45975)
Compiled twitter/bootstrap/bootstrap-button.js  (0ms)  (pid 45975)
Compiled twitter/bootstrap/bootstrap-collapse.js  (0ms)  (pid 45975)
Compiled twitter/bootstrap/bootstrap-carousel.js  (0ms)  (pid 45975)
Compiled twitter/bootstrap/bootstrap-typeahead.js  (0ms)  (pid 45975)
Compiled twitter/bootstrap/bootstrap-affix.js  (0ms)  (pid 45975)
Compiled twitter/bootstrap.js  (123ms)  (pid 45975)
Compiled bootstrap.js  (87ms)  (pid 45975)
Compiled phrases.js  (0ms)  (pid 45975)
Compiled pictures.js  (0ms)  (pid 45975)
Compiled players.js  (0ms)  (pid 45975)
Compiled storylines.js  (0ms)  (pid 45975)
Compiled application.js  (283ms)  (pid 45975)
Compiled bootstrap_and_overrides.css  (997ms)  (pid 45975)
Compiled application.css  (1003ms)  (pid 45975)
Compiled jquery.js  (2ms)  (pid 45975)
Compiled jquery_ujs.js  (0ms)  (pid 45975)
Compiled twitter/bootstrap/bootstrap-transition.js  (0ms)  (pid 45975)
Compiled twitter/bootstrap/bootstrap-alert.js  (0ms)  (pid 45975)
Compiled twitter/bootstrap/bootstrap-modal.js  (0ms)  (pid 45975)
Compiled twitter/bootstrap/bootstrap-dropdown.js  (0ms)  (pid 45975)
Compiled twitter/bootstrap/bootstrap-scrollspy.js  (0ms)  (pid 45975)
Compiled twitter/bootstrap/bootstrap-tab.js  (0ms)  (pid 45975)
Compiled twitter/bootstrap/bootstrap-tooltip.js  (0ms)  (pid 45975)
Compiled twitter/bootstrap/bootstrap-popover.js  (0ms)  (pid 45975)
Compiled twitter/bootstrap/bootstrap-button.js  (0ms)  (pid 45975)
Compiled twitter/bootstrap/bootstrap-collapse.js  (0ms)  (pid 45975)
Compiled twitter/bootstrap/bootstrap-carousel.js  (0ms)  (pid 45975)
Compiled twitter/bootstrap/bootstrap-typeahead.js  (0ms)  (pid 45975)
Compiled twitter/bootstrap/bootstrap-affix.js  (0ms)  (pid 45975)
Compiled twitter/bootstrap.js  (162ms)  (pid 45975)
Compiled bootstrap.js  (81ms)  (pid 45975)
Compiled phrases.js  (0ms)  (pid 45975)
Compiled pictures.js  (0ms)  (pid 45975)
Compiled players.js  (0ms)  (pid 45975)
Compiled storylines.js  (0ms)  (pid 45975)
Compiled application.js  (340ms)  (pid 45975)
Compiled bootstrap_and_overrides.css  (852ms)  (pid 45975)
Compiled application.css  (891ms)  (pid 45975)
